2020-04-16 19:17:14,601 INFO o.a.j.u.JMeterUtils: Setting Locale to en_EN
2020-04-16 19:17:14,678 INFO o.a.j.JMeter: Loading user properties from: /opt/jmeter/bin/user.properties
2020-04-16 19:17:14,681 INFO o.a.j.JMeter: Loading system properties from: /opt/jmeter/bin/system.properties
2020-04-16 19:17:14,688 INFO o.a.j.JMeter: Copyright (c) 1998-2019 The Apache Software Foundation
2020-04-16 19:17:14,689 INFO o.a.j.JMeter: Version 5.2.1
2020-04-16 19:17:14,689 INFO o.a.j.JMeter: java.version=11.0.6
2020-04-16 19:17:14,690 INFO o.a.j.JMeter: java.vm.name=OpenJDK 64-Bit Server VM
2020-04-16 19:17:14,690 INFO o.a.j.JMeter: os.name=Linux
2020-04-16 19:17:14,690 INFO o.a.j.JMeter: os.arch=amd64
2020-04-16 19:17:14,690 INFO o.a.j.JMeter: os.version=5.4.31-1-lts
2020-04-16 19:17:14,690 INFO o.a.j.JMeter: file.encoding=UTF-8
2020-04-16 19:17:14,690 INFO o.a.j.JMeter: java.awt.headless=null
2020-04-16 19:17:14,690 INFO o.a.j.JMeter: Max memory     =1073741824
2020-04-16 19:17:14,690 INFO o.a.j.JMeter: Available Processors =8
2020-04-16 19:17:14,715 INFO o.a.j.JMeter: Default Locale=English (EN)
2020-04-16 19:17:14,715 INFO o.a.j.JMeter: JMeter  Locale=English (EN)
2020-04-16 19:17:14,715 INFO o.a.j.JMeter: JMeterHome=/opt/jmeter
2020-04-16 19:17:14,715 INFO o.a.j.JMeter: user.dir  =/home/goncalo/Desktop/ES/Projeto/backend/jmeter
2020-04-16 19:17:14,716 INFO o.a.j.JMeter: PWD       =/home/goncalo/Desktop/ES/Projeto/backend/jmeter
2020-04-16 19:17:14,716 INFO o.a.j.JMeter: IP: 192.168.1.70 Name: archpc FullName: archpc
2020-04-16 19:17:15,528 INFO o.a.j.g.a.LookAndFeelCommand: Installing Darcula LAF
2020-04-16 19:17:15,629 INFO o.a.j.g.a.LookAndFeelCommand: Using look and feel: com.sun.java.swing.plaf.gtk.GTKLookAndFeel [Darcula]
2020-04-16 19:17:15,631 INFO o.a.j.JMeter: Setting LAF to: com.sun.java.swing.plaf.gtk.GTKLookAndFeel
2020-04-16 19:17:17,855 INFO o.a.j.JMeter: Loaded icon properties from org/apache/jmeter/images/icon.properties
2020-04-16 19:17:22,922 INFO o.a.j.p.h.s.HTTPSamplerBase: Parser for text/html is org.apache.jmeter.protocol.http.parser.LagartoBasedHtmlParser
2020-04-16 19:17:22,925 INFO o.a.j.p.h.s.HTTPSamplerBase: Parser for application/xhtml+xml is org.apache.jmeter.protocol.http.parser.LagartoBasedHtmlParser
2020-04-16 19:17:22,927 INFO o.a.j.p.h.s.HTTPSamplerBase: Parser for application/xml is org.apache.jmeter.protocol.http.parser.LagartoBasedHtmlParser
2020-04-16 19:17:22,928 INFO o.a.j.p.h.s.HTTPSamplerBase: Parser for text/xml is org.apache.jmeter.protocol.http.parser.LagartoBasedHtmlParser
2020-04-16 19:17:22,928 INFO o.a.j.p.h.s.HTTPSamplerBase: Parser for text/vnd.wap.wml is org.apache.jmeter.protocol.http.parser.RegexpHTMLParser
2020-04-16 19:17:22,928 INFO o.a.j.p.h.s.HTTPSamplerBase: Parser for text/css is org.apache.jmeter.protocol.http.parser.CssParser
2020-04-16 19:17:24,118 INFO o.a.j.e.KeyToolUtils: keytool found at 'keytool'
2020-04-16 19:17:24,121 INFO o.a.j.p.h.p.ProxyControl: HTTP(S) Test Script Recorder SSL Proxy will use keys that support embedded 3rd party resources in file /opt/jmeter/bin/proxyserver.jks
2020-04-16 19:17:24,534 INFO o.a.j.s.FileServer: Default base='/home/goncalo/Desktop/ES/Projeto/backend/jmeter'
2020-04-16 19:17:26,498 INFO o.a.j.s.SampleResult: Note: Sample TimeStamps are START times
2020-04-16 19:17:26,498 INFO o.a.j.s.SampleResult: sampleresult.default.encoding is set to ISO-8859-1
2020-04-16 19:17:26,498 INFO o.a.j.s.SampleResult: sampleresult.useNanoTime=true
2020-04-16 19:17:26,498 INFO o.a.j.s.SampleResult: sampleresult.nanoThreadSleep=5000
2020-04-16 19:17:26,589 INFO o.a.j.v.ViewResultsFullVisualizer: Add JavaFX to your Java installation if you want to use renderer: org.apache.jmeter.visualizers.RenderInBrowser
2020-04-16 19:17:40,365 INFO o.a.j.g.a.Load: Loading file: /home/goncalo/Desktop/ES/Projeto/backend/jmeter/question/WSGetUserProposedQuestionsLoadTest.jmx
2020-04-16 19:17:40,367 INFO o.a.j.s.FileServer: Set new base='/home/goncalo/Desktop/ES/Projeto/backend/jmeter/question'
2020-04-16 19:17:41,025 INFO o.a.j.s.SaveService: Testplan (JMX) version: 2.2. Testlog (JTL) version: 2.2
2020-04-16 19:17:41,037 INFO o.a.j.s.SaveService: Using SaveService properties version 5.0
2020-04-16 19:17:41,039 INFO o.a.j.s.SaveService: Using SaveService properties file encoding UTF-8
2020-04-16 19:17:41,041 INFO o.a.j.s.SaveService: Loading file: /home/goncalo/Desktop/ES/Projeto/backend/jmeter/question/WSGetUserProposedQuestionsLoadTest.jmx
2020-04-16 19:17:41,464 INFO o.a.j.v.ViewResultsFullVisualizer: Add JavaFX to your Java installation if you want to use renderer: org.apache.jmeter.visualizers.RenderInBrowser
2020-04-16 19:17:41,683 INFO o.a.j.v.ViewResultsFullVisualizer: Add JavaFX to your Java installation if you want to use renderer: org.apache.jmeter.visualizers.RenderInBrowser
2020-04-16 19:17:42,349 INFO o.a.j.v.ViewResultsFullVisualizer: Add JavaFX to your Java installation if you want to use renderer: org.apache.jmeter.visualizers.RenderInBrowser
2020-04-16 19:17:42,653 INFO o.a.j.s.FileServer: Set new base='/home/goncalo/Desktop/ES/Projeto/backend/jmeter/question'
